生成启动时间为 2019/10/8 19:49:47。
     1>项目“E:\c_daima\96\96\96.vcxproj”在节点 2 上(build 个目标)。
     1>InitializeBuildStatus:
         正在创建“Debug\96.unsuccessfulbuild”，因为已指定“AlwaysCreate”。
       ClCompile:
         D:\VC2010\VC\bin\CL.exe /c /ZI /nologo /W3 /WX- /Od /Oy- /D WIN32 /D _DEBUG /D _CONSOLE /D _UNICODE /D UNICODE /Gm /EHsc /RTC1 /MDd /GS /fp:precise /Zc:wchar_t /Zc:forScope /Fo"Debug\\" /Fd"Debug\vc100.pdb" /Gd /TC /analyze- /errorReport:prompt 96.c
         96.c
     1>e:\c_daima\96\96\96.c(6): warning C4996: 'scanf': This function or variable may be unsafe. Consider using scanf_s instead. To disable deprecation, use _CRT_SECURE_NO_WARNINGS. See online help for details.
                 d:\vc2010\vc\include\stdio.h(304) : 参见“scanf”的声明
     1>e:\c_daima\96\96\96.c(7): error C2143: 语法错误 : 缺少“;”(在“类型”的前面)
     1>e:\c_daima\96\96\96.c(7): error C2143: 语法错误 : 缺少“;”(在“类型”的前面)
     1>e:\c_daima\96\96\96.c(7): error C2143: 语法错误 : 缺少“)”(在“类型”的前面)
     1>e:\c_daima\96\96\96.c(7): error C2143: 语法错误 : 缺少“;”(在“类型”的前面)
     1>e:\c_daima\96\96\96.c(7): error C2065: “i”: 未声明的标识符
     1>e:\c_daima\96\96\96.c(7): warning C4552: “<=”: 运算符不起任何作用；应输入带副作用的运算符
     1>e:\c_daima\96\96\96.c(7): error C2065: “i”: 未声明的标识符
     1>e:\c_daima\96\96\96.c(7): error C2059: 语法错误:“)”
     1>e:\c_daima\96\96\96.c(8): error C2146: 语法错误: 缺少“;”(在标识符“sum”的前面)
     1>e:\c_daima\96\96\96.c(8): error C2065: “i”: 未声明的标识符
     1>已完成生成项目“E:\c_daima\96\96\96.vcxproj”(build 个目标)的操作 - 失败。

生成失败。

已用时间 00:00:03.59
